C:\Program Files (x86)\Microsoft Visual Studio\2019\Community\MSBuild\Microsoft\VC\v160\Microsoft.CppBuild.targets(499,5): warning MSB8004: Output Directory does not end with a trailing slash.  This build instance will add the slash as it is required to allow proper evaluation of the Output Directory.
  App.cpp
C:\Users\bena\Documents\GitHub\MC_Platformer\Game\Source\Animation.h(54,19): warning C4244: 'initializing': conversion from 'const float' to 'int', possible loss of data
C:\Users\bena\Documents\GitHub\MC_Platformer\Game\Source\Animation.h(56,30): warning C4244: '=': conversion from 'float' to 'int', possible loss of data
  Audio.cpp
  EntityManager.cpp
C:\Users\bena\Documents\GitHub\MC_Platformer\Game\Source\Animation.h(54,19): warning C4244: 'initializing': conversion from 'const float' to 'int', possible loss of data
C:\Users\bena\Documents\GitHub\MC_Platformer\Game\Source\Animation.h(56,30): warning C4244: '=': conversion from 'float' to 'int', possible loss of data
  FadeToBlack.cpp
C:\Users\bena\Documents\GitHub\MC_Platformer\Game\Source\FadeToBlack.cpp(93,19): warning C4244: '=': conversion from 'float' to 'Uint32', possible loss of data
  Input.cpp
  Item.cpp
C:\Users\bena\Documents\GitHub\MC_Platformer\Game\Source\Animation.h(54,19): warning C4244: 'initializing': conversion from 'const float' to 'int', possible loss of data
C:\Users\bena\Documents\GitHub\MC_Platformer\Game\Source\Animation.h(56,30): warning C4244: '=': conversion from 'float' to 'int', possible loss of data
  LOGO.cpp
C:\Users\bena\Documents\GitHub\MC_Platformer\Game\Source\Animation.h(54,19): warning C4244: 'initializing': conversion from 'const float' to 'int', possible loss of data
C:\Users\bena\Documents\GitHub\MC_Platformer\Game\Source\Animation.h(56,30): warning C4244: '=': conversion from 'float' to 'int', possible loss of data
  Main.cpp
  Map.cpp
  Physics.cpp
C:\Users\bena\Documents\GitHub\MC_Platformer\Game\Source\Animation.h(54,19): warning C4244: 'initializing': conversion from 'const float' to 'int', possible loss of data
C:\Users\bena\Documents\GitHub\MC_Platformer\Game\Source\Animation.h(56,30): warning C4244: '=': conversion from 'float' to 'int', possible loss of data
C:\Users\bena\Documents\GitHub\MC_Platformer\Game\Source\Physics.cpp(101,23): warning C4244: '=': conversion from 'float' to 'int', possible loss of data
C:\Users\bena\Documents\GitHub\MC_Platformer\Game\Source\Physics.cpp(102,25): warning C4244: '=': conversion from 'float' to 'int', possible loss of data
C:\Users\bena\Documents\GitHub\MC_Platformer\Game\Source\Physics.cpp(138,25): warning C4244: '=': conversion from 'float' to 'int', possible loss of data
C:\Users\bena\Documents\GitHub\MC_Platformer\Game\Source\Physics.cpp(139,26): warning C4244: '=': conversion from 'float' to 'int', possible loss of data
C:\Users\bena\Documents\GitHub\MC_Platformer\Game\Source\Physics.cpp(196,21): warning C4018: '<': signed/unsigned mismatch
C:\Users\bena\Documents\GitHub\MC_Platformer\Game\Source\Physics.cpp(387,13): warning C4244: 'initializing': conversion from 'int' to 'float', possible loss of data
C:\Users\bena\Documents\GitHub\MC_Platformer\Game\Source\Physics.cpp(388,13): warning C4244: 'initializing': conversion from 'int' to 'float', possible loss of data
C:\Users\bena\Documents\GitHub\MC_Platformer\Game\Source\Physics.cpp(394,27): warning C4244: 'return': conversion from 'float32' to 'int', possible loss of data
  Player.cpp
C:\Users\bena\Documents\GitHub\MC_Platformer\Game\Source\Animation.h(54,19): warning C4244: 'initializing': conversion from 'const float' to 'int', possible loss of data
C:\Users\bena\Documents\GitHub\MC_Platformer\Game\Source\Animation.h(56,30): warning C4244: '=': conversion from 'float' to 'int', possible loss of data
C:\Users\bena\Documents\GitHub\MC_Platformer\Game\Source\Player.cpp(59,64): warning C4244: '=': conversion from 'int' to 'float', possible loss of data
  Render.cpp
  Scene.cpp
C:\Users\bena\Documents\GitHub\MC_Platformer\Game\Source\Animation.h(54,19): warning C4244: 'initializing': conversion from 'const float' to 'int', possible loss of data
C:\Users\bena\Documents\GitHub\MC_Platformer\Game\Source\Animation.h(56,30): warning C4244: '=': conversion from 'float' to 'int', possible loss of data
  Textures.cpp
  Window.cpp
  Generating Code...
  Game.vcxproj -> C:\Users\bena\Documents\GitHub\MC_Platformer\Build\Debug\Game.exe
          1 archivo(s) copiado(s).
